<?xml version="1.0" encoding="UTF-8"?>
<!-- Generated by org.testng.reporters.JUnitXMLReporter -->
<testsuite ignored="0" hostname="DESKTOP-M1DRLA4" failures="0" tests="4" name="Default test" time="115.261" errors="0" timestamp="2024-06-20T18:29:28 IST">
  <testcase classname="testclas.DashBoardPageTest" name="veerifyUserProfileURL" time="5.483"/>
  <testcase classname="testclas.DashBoardPageTest" name="verifymycourceURLpageTest" time="5.244"/>
  <testcase classname="testclas.DashBoardPageTest" name="verifymyteacherURlPageTest" time="5.175"/>
  <testcase classname="testclas.DashBoardPageTest" name="verifynameofpersonuserTest" time="5.063"/>
</testsuite> <!-- Default test -->
