<?xml version="1.0" encoding="UTF-8"?>
<!-- Generated by org.testng.reporters.JUnitXMLReporter -->
<testsuite ignored="0" hostname="DESKTOP-M1DRLA4" failures="0" tests="7" name="Test" time="306.214" errors="0" timestamp="2024-06-21T07:53:07 IST">
  <testcase classname="testclas.DashBoardPageTest" name="veerifyUserProfileURL" time="13.406"/>
  <testcase classname="testclas.DashBoardPageTest" name="verifymycourceURLpageTest" time="5.398"/>
  <testcase classname="testclas.DashBoardPageTest" name="verifymyteacherURlPageTest" time="5.276"/>
  <testcase classname="testclas.DashBoardPageTest" name="verifynameofpersonuserTest" time="5.09"/>
  <testcase classname="testclas.LoginPageTest" name="verifyDashboardPageURLTest" time="4.247"/>
  <testcase classname="testclas.LoginPageTest" name="verifyTitleOfApplicationTest" time="14.84"/>
  <testcase classname="testclas.LoginPageTest" name="verifyUrlOfApplicationTest" time="0.03"/>
</testsuite> <!-- Test -->
