<?xml version="1.0" encoding="UTF-8"?>
<testng-results ignored="0" total="7" passed="7" failed="0" skipped="0">
  <reporter-output>
    <line>
      <![CDATA[URl of My profile https://proschool.ai/settings]]>
    </line>
    <line>
      <![CDATA[My cource URL https://proschool.ai/dashboard/my-courses/active-courses]]>
    </line>
    <line>
      <![CDATA[My teacher URL https://proschool.ai/dashboard/my-teacher]]>
    </line>
    <line>
      <![CDATA[Person User Login Name Aditya]]>
    </line>
    <line>
      <![CDATA[URl of dashboard page https://proschool.ai/dashboard/home]]>
    </line>
    <line>
      <![CDATA[Title of page ProSchool]]>
    </line>
    <line>
      <![CDATA[URL of applicationhttps://proschool.ai/login]]>
    </line>
  </reporter-output>
  <suite started-at="2024-06-21T07:48:01 IST" name="Suite" finished-at="2024-06-21T07:53:07 IST" duration-ms="306214">
    <groups>
    </groups>
    <test started-at="2024-06-21T07:48:01 IST" name="Test" finished-at="2024-06-21T07:53:07 IST" duration-ms="306214">
      <class name="testclas.LoginPageTest">
        <test-method is-config="true" signature="setup()[pri:0, instance:testclas.LoginPageTest@333d4a8c]" started-at="2024-06-21T07:50:39 IST" name="setup" finished-at="2024-06-21T07:50:52 IST" duration-ms="13259" status="PASS">
          <reporter-output>
          </reporter-output>
        </test-method> <!-- setup -->
        <test-method signature="verifyDashboardPageURLTest()[pri:0, instance:testclas.LoginPageTest@333d4a8c]" started-at="2024-06-21T07:50:52 IST" name="verifyDashboardPageURLTest" finished-at="2024-06-21T07:50:56 IST" duration-ms="4247" status="PASS">
          <reporter-output>
            <line>
              <![CDATA[URl of dashboard page https://proschool.ai/dashboard/home]]>
            </line>
          </reporter-output>
        </test-method> <!-- verifyDashboardPageURLTest -->
        <test-method is-config="true" signature="closeBrowser(org.testng.ITestResult)[pri:0, instance:testclas.LoginPageTest@333d4a8c]" started-at="2024-06-21T07:50:56 IST" name="closeBrowser" finished-at="2024-06-21T07:50:57 IST" duration-ms="252" status="PASS">
          <params>
            <param index="0">
              <value>
                <![CDATA[[TestResult name=verifyDashboardPageURLTest status=SUCCESS method=LoginPageTest.verifyDashboardPageURLTest()[pri:0, instance:testclas.LoginPageTest@333d4a8c] output=URl of dashboard page https://proschool.ai/dashboard/home]]]>
              </value>
            </param>
          </params>
          <reporter-output>
          </reporter-output>
        </test-method> <!-- closeBrowser -->
        <test-method is-config="true" signature="setup()[pri:0, instance:testclas.LoginPageTest@333d4a8c]" started-at="2024-06-21T07:50:57 IST" name="setup" finished-at="2024-06-21T07:51:03 IST" duration-ms="6305" status="PASS">
          <reporter-output>
          </reporter-output>
        </test-method> <!-- setup -->
        <test-method signature="verifyTitleOfApplicationTest()[pri:0, instance:testclas.LoginPageTest@333d4a8c]" started-at="2024-06-21T07:51:03 IST" name="verifyTitleOfApplicationTest" finished-at="2024-06-21T07:51:18 IST" duration-ms="14840" status="PASS">
          <reporter-output>
            <line>
              <![CDATA[Title of page ProSchool]]>
            </line>
          </reporter-output>
        </test-method> <!-- verifyTitleOfApplicationTest -->
        <test-method is-config="true" signature="closeBrowser(org.testng.ITestResult)[pri:0, instance:testclas.LoginPageTest@333d4a8c]" started-at="2024-06-21T07:51:18 IST" name="closeBrowser" finished-at="2024-06-21T07:51:18 IST" duration-ms="469" status="PASS">
          <params>
            <param index="0">
              <value>
                <![CDATA[[TestResult name=verifyTitleOfApplicationTest status=SUCCESS method=LoginPageTest.verifyTitleOfApplicationTest()[pri:0, instance:testclas.LoginPageTest@333d4a8c] output=Title of page ProSchool]]]>
              </value>
            </param>
          </params>
          <reporter-output>
          </reporter-output>
        </test-method> <!-- closeBrowser -->
        <test-method is-config="true" signature="setup()[pri:0, instance:testclas.LoginPageTest@333d4a8c]" started-at="2024-06-21T07:51:18 IST" name="setup" finished-at="2024-06-21T07:53:07 IST" duration-ms="108588" status="PASS">
          <reporter-output>
          </reporter-output>
        </test-method> <!-- setup -->
        <test-method signature="verifyUrlOfApplicationTest()[pri:0, instance:testclas.LoginPageTest@333d4a8c]" started-at="2024-06-21T07:53:07 IST" name="verifyUrlOfApplicationTest" finished-at="2024-06-21T07:53:07 IST" duration-ms="30" status="PASS">
          <reporter-output>
            <line>
              <![CDATA[URL of applicationhttps://proschool.ai/login]]>
            </line>
          </reporter-output>
        </test-method> <!-- verifyUrlOfApplicationTest -->
        <test-method is-config="true" signature="closeBrowser(org.testng.ITestResult)[pri:0, instance:testclas.LoginPageTest@333d4a8c]" started-at="2024-06-21T07:53:07 IST" name="closeBrowser" finished-at="2024-06-21T07:53:07 IST" duration-ms="253" status="PASS">
          <params>
            <param index="0">
              <value>
                <![CDATA[[TestResult name=verifyUrlOfApplicationTest status=SUCCESS method=LoginPageTest.verifyUrlOfApplicationTest()[pri:0, instance:testclas.LoginPageTest@333d4a8c] output=URL of applicationhttps://proschool.ai/login]]]>
              </value>
            </param>
          </params>
          <reporter-output>
          </reporter-output>
        </test-method> <!-- closeBrowser -->
      </class> <!-- testclas.LoginPageTest -->
      <class name="testclas.DashBoardPageTest">
        <test-method is-config="true" signature="setup()[pri:0, instance:testclas.DashBoardPageTest@61c4eee0]" started-at="2024-06-21T07:48:01 IST" name="setup" finished-at="2024-06-21T07:48:32 IST" duration-ms="31313" status="PASS">
          <reporter-output>
          </reporter-output>
        </test-method> <!-- setup -->
        <test-method signature="veerifyUserProfileURL()[pri:0, instance:testclas.DashBoardPageTest@61c4eee0]" started-at="2024-06-21T07:48:32 IST" name="veerifyUserProfileURL" finished-at="2024-06-21T07:48:46 IST" duration-ms="13406" status="PASS">
          <reporter-output>
            <line>
              <![CDATA[URl of My profile https://proschool.ai/settings]]>
            </line>
          </reporter-output>
        </test-method> <!-- veerifyUserProfileURL -->
        <test-method is-config="true" signature="closeBrowser(org.testng.ITestResult)[pri:0, instance:testclas.DashBoardPageTest@61c4eee0]" started-at="2024-06-21T07:48:46 IST" name="closeBrowser" finished-at="2024-06-21T07:48:47 IST" duration-ms="839" status="PASS">
          <params>
            <param index="0">
              <value>
                <![CDATA[[TestResult name=veerifyUserProfileURL status=SUCCESS method=DashBoardPageTest.veerifyUserProfileURL()[pri:0, instance:testclas.DashBoardPageTest@61c4eee0] output=URl of My profile https://proschool.ai/settings]]]>
              </value>
            </param>
          </params>
          <reporter-output>
          </reporter-output>
        </test-method> <!-- closeBrowser -->
        <test-method is-config="true" signature="setup()[pri:0, instance:testclas.DashBoardPageTest@61c4eee0]" started-at="2024-06-21T07:48:47 IST" name="setup" finished-at="2024-06-21T07:49:37 IST" duration-ms="50211" status="PASS">
          <reporter-output>
          </reporter-output>
        </test-method> <!-- setup -->
        <test-method signature="verifymycourceURLpageTest()[pri:0, instance:testclas.DashBoardPageTest@61c4eee0]" started-at="2024-06-21T07:49:37 IST" name="verifymycourceURLpageTest" finished-at="2024-06-21T07:49:42 IST" duration-ms="5398" status="PASS">
          <reporter-output>
            <line>
              <![CDATA[My cource URL https://proschool.ai/dashboard/my-courses/active-courses]]>
            </line>
          </reporter-output>
        </test-method> <!-- verifymycourceURLpageTest -->
        <test-method is-config="true" signature="closeBrowser(org.testng.ITestResult)[pri:0, instance:testclas.DashBoardPageTest@61c4eee0]" started-at="2024-06-21T07:49:42 IST" name="closeBrowser" finished-at="2024-06-21T07:49:42 IST" duration-ms="322" status="PASS">
          <params>
            <param index="0">
              <value>
                <![CDATA[[TestResult name=verifymycourceURLpageTest status=SUCCESS method=DashBoardPageTest.verifymycourceURLpageTest()[pri:0, instance:testclas.DashBoardPageTest@61c4eee0] output=My cource URL https://proschool.ai/dashboard/my-courses/active-courses]]]>
              </value>
            </param>
          </params>
          <reporter-output>
          </reporter-output>
        </test-method> <!-- closeBrowser -->
        <test-method is-config="true" signature="setup()[pri:0, instance:testclas.DashBoardPageTest@61c4eee0]" started-at="2024-06-21T07:49:42 IST" name="setup" finished-at="2024-06-21T07:50:01 IST" duration-ms="18156" status="PASS">
          <reporter-output>
          </reporter-output>
        </test-method> <!-- setup -->
        <test-method signature="verifymyteacherURlPageTest()[pri:0, instance:testclas.DashBoardPageTest@61c4eee0]" started-at="2024-06-21T07:50:01 IST" name="verifymyteacherURlPageTest" finished-at="2024-06-21T07:50:06 IST" duration-ms="5276" status="PASS">
          <reporter-output>
            <line>
              <![CDATA[My teacher URL https://proschool.ai/dashboard/my-teacher]]>
            </line>
          </reporter-output>
        </test-method> <!-- verifymyteacherURlPageTest -->
        <test-method is-config="true" signature="closeBrowser(org.testng.ITestResult)[pri:0, instance:testclas.DashBoardPageTest@61c4eee0]" started-at="2024-06-21T07:50:06 IST" name="closeBrowser" finished-at="2024-06-21T07:50:06 IST" duration-ms="422" status="PASS">
          <params>
            <param index="0">
              <value>
                <![CDATA[[TestResult name=verifymyteacherURlPageTest status=SUCCESS method=DashBoardPageTest.verifymyteacherURlPageTest()[pri:0, instance:testclas.DashBoardPageTest@61c4eee0] output=My teacher URL https://proschool.ai/dashboard/my-teacher]]]>
              </value>
            </param>
          </params>
          <reporter-output>
          </reporter-output>
        </test-method> <!-- closeBrowser -->
        <test-method is-config="true" signature="setup()[pri:0, instance:testclas.DashBoardPageTest@61c4eee0]" started-at="2024-06-21T07:50:06 IST" name="setup" finished-at="2024-06-21T07:50:33 IST" duration-ms="27066" status="PASS">
          <reporter-output>
          </reporter-output>
        </test-method> <!-- setup -->
        <test-method signature="verifynameofpersonuserTest()[pri:0, instance:testclas.DashBoardPageTest@61c4eee0]" started-at="2024-06-21T07:50:33 IST" name="verifynameofpersonuserTest" finished-at="2024-06-21T07:50:38 IST" duration-ms="5090" status="PASS">
          <reporter-output>
            <line>
              <![CDATA[Person User Login Name Aditya]]>
            </line>
          </reporter-output>
        </test-method> <!-- verifynameofpersonuserTest -->
        <test-method is-config="true" signature="closeBrowser(org.testng.ITestResult)[pri:0, instance:testclas.DashBoardPageTest@61c4eee0]" started-at="2024-06-21T07:50:38 IST" name="closeBrowser" finished-at="2024-06-21T07:50:39 IST" duration-ms="315" status="PASS">
          <params>
            <param index="0">
              <value>
                <![CDATA[[TestResult name=verifynameofpersonuserTest status=SUCCESS method=DashBoardPageTest.verifynameofpersonuserTest()[pri:0, instance:testclas.DashBoardPageTest@61c4eee0] output=Person User Login Name Aditya]]]>
              </value>
            </param>
          </params>
          <reporter-output>
          </reporter-output>
        </test-method> <!-- closeBrowser -->
      </class> <!-- testclas.DashBoardPageTest -->
    </test> <!-- Test -->
  </suite> <!-- Suite -->
</testng-results>
